Unity Editor version:    2020.3.40f1 (ba48d4efcef1)
Branch:                  2020.3/staging
Build type:              Release
Batch mode:              YES
System name:             Linux
Distro version:          #58-Ubuntu SMP Thu Oct 13 08:03:55 UTC 2022
Kernel version:          5.15.0-52-generic
Architecture:            x86_64
Available memory:        11837 MB
Using pre-set license
Pro License: NO
Desktop is 1366 x 768 @ 60 Hz

COMMAND LINE ARGUMENTS:
Unity
-adb2
-batchMode
-noUpm
-name
AssetImportWorker0
-projectPath
/home/sutsuijin/Documents/Unity3d/SirMelon/New Unity Project
-logFile
Logs/AssetImportWorker0.log
-srvPort
36469
Successfully changed project path to: /home/sutsuijin/Documents/Unity3d/SirMelon/New Unity Project
/home/sutsuijin/Documents/Unity3d/SirMelon/New Unity Project
Using Asset Import Pipeline V2.
Refreshing native plugins compatible for Editor in 76,99 ms, found 0 plugins.
Preloading 0 native plugins for Editor in 0,00 ms.
Initialize engine version: 2020.3.40f1 (ba48d4efcef1)
[Subsystems] Discovering subsystems at path /home/sutsuijin/Unity/Hub/Editor/2020.3.40f1/Editor/Data/Resources/UnitySubsystems
[Subsystems] Discovering subsystems at path /home/sutsuijin/Documents/Unity3d/SirMelon/New Unity Project/Assets
GLX Extensions: GLX_ARB_create_context GLX_ARB_create_context_no_error GLX_ARB_create_context_profile GLX_ARB_create_context_robustness GLX_ARB_fbconfig_float GLX_ARB_framebuffer_sRGB GLX_ARB_get_proc_address GLX_ARB_multisample GLX_EXT_buffer_age GLX_EXT_create_context_es2_profile GLX_EXT_create_context_es_profile GLX_EXT_fbconfig_packed_float GLX_EXT_framebuffer_sRGB GLX_EXT_no_config_context GLX_EXT_swap_control GLX_EXT_swap_control_tear GLX_EXT_texture_from_pixmap GLX_EXT_visual_info GLX_EXT_visual_rating GLX_MESA_copy_sub_buffer GLX_MESA_query_renderer GLX_MESA_swap_control GLX_OML_swap_method GLX_OML_sync_control GLX_SGIS_multisample GLX_SGIX_fbconfig GLX_SGIX_pbuffer GLX_SGIX_visual_select_group GLX_SGI_make_current_read GLX_SGI_video_sync 
Renderer: Mesa Intel(R) HD Graphics 620 (KBL GT2)
Vendor:   Intel
Version:  4.6 (Core Profile) Mesa 22.0.5
GLES:     0
 GL_3DFX_texture_compression_FXT1 GL_AMD_conservative_depth GL_AMD_depth_clamp_separate GL_AMD_draw_buffers_blend GL_AMD_gpu_shader_int64 GL_AMD_multi_draw_indirect GL_AMD_performance_monitor GL_AMD_pinned_memory GL_AMD_query_buffer_object GL_AMD_seamless_cubemap_per_texture GL_AMD_shader_stencil_export GL_AMD_shader_trinary_minmax GL_AMD_texture_texture4 GL_AMD_vertex_shader_layer GL_AMD_vertex_shader_viewport_index GL_ANGLE_texture_compression_dxt3 GL_ANGLE_texture_compression_dxt5 GL_ARB_ES2_compatibility GL_ARB_ES3_1_compatibility GL_ARB_ES3_2_compatibility GL_ARB_ES3_compatibility GL_ARB_arrays_of_arrays GL_ARB_base_instance GL_ARB_blend_func_extended GL_ARB_buffer_storage GL_ARB_clear_buffer_object GL_ARB_clear_texture GL_ARB_clip_control GL_ARB_compressed_texture_pixel_storage GL_ARB_compute_shader GL_ARB_compute_variable_group_size GL_ARB_conditional_render_inverted GL_ARB_conservative_depth GL_ARB_copy_buffer GL_ARB_copy_image GL_ARB_cull_distance GL_ARB_debug_output GL_ARB_depth_buffer_float GL_ARB
_depth_clamp GL_ARB_derivative_control GL_ARB_direct_state_access GL_ARB_draw_buffers GL_ARB_draw_buffers_blend GL_ARB_draw_elements_base_vertex GL_ARB_draw_indirect GL_ARB_draw_instanced GL_ARB_enhanced_layouts GL_ARB_explicit_attrib_location GL_ARB_explicit_uniform_location GL_ARB_fragment_coord_conventions GL_ARB_fragment_layer_viewport GL_ARB_fragment_shader GL_ARB_fragment_shader_interlock GL_ARB_framebuffer_no_attachments GL_ARB_framebuffer_object GL_ARB_framebuffer_sRGB GL_ARB_get_program_binary GL_ARB_get_texture_sub_image GL_ARB_gl_spirv GL_ARB_gpu_shader5 GL_ARB_gpu_shader_fp64 GL_ARB_gpu_shader_int64 GL_ARB_half_float_pixel GL_ARB_half_float_vertex GL_ARB_indirect_parameters GL_ARB_instanced_arrays GL_ARB_internalformat_query GL_ARB_internalformat_query2 GL_ARB_invalidate_subdata GL_ARB_map_buffer_alignment GL_ARB_map_buffer_range GL_ARB_multi_bind GL_ARB_multi_draw_indirect GL_ARB_occlusion_query2 GL_ARB_parallel_shader_compile GL_ARB_pipeline_statistics_query GL_ARB_pixel_buffer_object GL_ARB_po
int_sprite GL_ARB_polygon_offset_clamp GL_ARB_post_depth_coverage GL_ARB_program_interface_query GL_ARB_provoking_vertex GL_ARB_query_buffer_object GL_ARB_robust_buffer_access_behavior GL_ARB_robustness GL_ARB_sample_shading GL_ARB_sampler_objects GL_ARB_seamless_cube_map GL_ARB_seamless_cubemap_per_texture GL_ARB_separate_shader_objects GL_ARB_shader_atomic_counter_ops GL_ARB_shader_atomic_counters GL_ARB_shader_ballot GL_ARB_shader_bit_encoding GL_ARB_shader_clock GL_ARB_shader_draw_parameters GL_ARB_shader_group_vote GL_ARB_shader_image_load_store GL_ARB_shader_image_size GL_ARB_shader_objects GL_ARB_shader_precision GL_ARB_shader_stencil_export GL_ARB_shader_storage_buffer_object GL_ARB_shader_subroutine GL_ARB_shader_texture_image_samples GL_ARB_shader_texture_lod GL_ARB_shader_viewport_layer_array GL_ARB_shading_language_420pack GL_ARB_shading_language_include GL_ARB_shading_language_packing GL_ARB_spirv_extensions GL_ARB_stencil_texturing GL_ARB_sync GL_ARB_tessellation_shader GL_ARB_texture_barrier G
L_ARB_texture_buffer_object GL_ARB_texture_buffer_object_rgb32 GL_ARB_texture_buffer_range GL_ARB_texture_compression_bptc GL_ARB_texture_compression_rgtc GL_ARB_texture_cube_map_array GL_ARB_texture_filter_anisotropic GL_ARB_texture_float GL_ARB_texture_gather GL_ARB_texture_mirror_clamp_to_edge GL_ARB_texture_multisample GL_ARB_texture_non_power_of_two GL_ARB_texture_query_levels GL_ARB_texture_query_lod GL_ARB_texture_rectangle GL_ARB_texture_rg GL_ARB_texture_rgb10_a2ui GL_ARB_texture_stencil8 GL_ARB_texture_storage GL_ARB_texture_storage_multisample GL_ARB_texture_swizzle GL_ARB_texture_view GL_ARB_timer_query GL_ARB_transform_feedback2 GL_ARB_transform_feedback3 GL_ARB_transform_feedback_instanced GL_ARB_transform_feedback_overflow_query GL_ARB_uniform_buffer_object GL_ARB_vertex_array_bgra GL_ARB_vertex_array_object GL_ARB_vertex_attrib_64bit GL_ARB_vertex_attrib_binding GL_ARB_vertex_buffer_object GL_ARB_vertex_shader GL_ARB_vertex_type_10f_11f_11f_rev GL_ARB_vertex_type_2_10_10_10_rev GL_ARB_viewpor
t_array GL_ATI_blend_equation_separate GL_ATI_texture_float GL_EXT_EGL_image_storage GL_EXT_EGL_sync GL_EXT_abgr GL_EXT_blend_equation_separate GL_EXT_demote_to_helper_invocation GL_EXT_draw_buffers2 GL_EXT_draw_instanced GL_EXT_framebuffer_blit GL_EXT_framebuffer_multisample GL_EXT_framebuffer_multisample_blit_scaled GL_EXT_framebuffer_object GL_EXT_framebuffer_sRGB GL_EXT_memory_object GL_EXT_memory_object_fd GL_EXT_packed_depth_stencil GL_EXT_packed_float GL_EXT_pixel_buffer_object GL_EXT_polygon_offset_clamp GL_EXT_provoking_vertex GL_EXT_semaphore GL_EXT_semaphore_fd GL_EXT_shader_framebuffer_fetch GL_EXT_shader_framebuffer_fetch_non_coherent GL_EXT_shader_integer_mix GL_EXT_shader_samples_identical GL_EXT_texture_array GL_EXT_texture_compression_dxt1 GL_EXT_texture_compression_rgtc GL_EXT_texture_compression_s3tc GL_EXT_texture_filter_anisotropic GL_EXT_texture_integer GL_EXT_texture_sRGB GL_EXT_texture_sRGB_R8 GL_EXT_texture_sRGB_decode GL_EXT_texture_shadow_lod GL_EXT_texture_shared_exponent GL_EXT_t
exture_snorm GL_EXT_texture_swizzle GL_EXT_timer_query GL_EXT_transform_feedback GL_EXT_vertex_array_bgra GL_EXT_vertex_attrib_64bit GL_IBM_multimode_draw_arrays GL_INTEL_blackhole_render GL_INTEL_conservative_rasterization GL_INTEL_performance_query GL_INTEL_shader_atomic_float_minmax GL_INTEL_shader_integer_functions2 GL_KHR_blend_equation_advanced GL_KHR_blend_equation_advanced_coherent GL_KHR_context_flush_control GL_KHR_debug GL_KHR_no_error GL_KHR_parallel_shader_compile GL_KHR_robust_buffer_access_behavior GL_KHR_robustness GL_KHR_texture_compression_astc_ldr GL_KHR_texture_compression_astc_sliced_3d GL_MESA_framebuffer_flip_y GL_MESA_pack_invert GL_MESA_shader_integer_functions GL_MESA_texture_signed_rgba GL_NV_compute_shader_derivatives GL_NV_conditional_render GL_NV_copy_image GL_NV_depth_clamp GL_NV_fragment_shader_interlock GL_NV_packed_depth_stencil GL_NV_texture_barrier GL_OES_EGL_image GL_S3_s3tc
OPENGL LOG: Creating OpenGL 4.6 graphics device ; Context level  <OpenGL 4.5> ; Context handle 602462368
Initialize mono
Mono path[0] = '/home/sutsuijin/Unity/Hub/Editor/2020.3.40f1/Editor/Data/Managed'
Mono path[1] = '/home/sutsuijin/Unity/Hub/Editor/2020.3.40f1/Editor/Data/MonoBleedingEdge/lib/mono/unityjit'
Mono config path = '/home/sutsuijin/Unity/Hub/Editor/2020.3.40f1/Editor/Data/MonoBleedingEdge/etc'
Using monoOptions --debugger-agent=transport=dt_socket,embedding=1,server=y,suspend=n,address=127.0.0.1:56194
Begin MonoManager ReloadAssembly
Registering precompiled unity dll's ...
Register platform support module: /home/sutsuijin/Unity/Hub/Editor/2020.3.40f1/Editor/Data/PlaybackEngines/WindowsStandaloneSupport/UnityEditor.WindowsStandalone.Extensions.dll
Register platform support module: /home/sutsuijin/Unity/Hub/Editor/2020.3.40f1/Editor/Data/PlaybackEngines/LinuxStandaloneSupport/UnityEditor.LinuxStandalone.Extensions.dll
Registered in 0,002456 seconds.
Native extension for LinuxStandalone target not found
Native extension for WindowsStandalone target not found
Refreshing native plugins compatible for Editor in 37,25 ms, found 0 plugins.
Preloading 0 native plugins for Editor in 0,00 ms.
Mono: successfully reloaded assembly
- Completed reload, in  0,743 seconds
Domain Reload Profiling:
	ReloadAssembly (743ms)
		BeginReloadAssembly (80ms)
			ExecutionOrderSort (0ms)
			DisableScriptedObjects (0ms)
			BackupInstance (0ms)
			ReleaseScriptingObjects (0ms)
			CreateAndSetChildDomain (1ms)
		EndReloadAssembly (573ms)
			LoadAssemblies (79ms)
			RebuildTransferFunctionScriptingTraits (0ms)
			SetupTypeCache (206ms)
			ReleaseScriptCaches (0ms)
			RebuildScriptCaches (50ms)
			SetupLoadedEditorAssemblies (207ms)
				LogAssemblyErrors (0ms)
				InitializePlatformSupportModulesInManaged (7ms)
				SetLoadedEditorAssemblies (0ms)
				RefreshPlugins (37ms)
				BeforeProcessingInitializeOnLoad (11ms)
				ProcessInitializeOnLoadAttributes (116ms)
				ProcessInitializeOnLoadMethodAttributes (35ms)
				AfterProcessingInitializeOnLoad (0ms)
				EditorAssembliesLoaded (0ms)
			ExecutionOrderSort2 (0ms)
			AwakeInstancesAfterBackupRestoration (0ms)
Platform modules already initialized, skipping
Registering precompiled user dll's ...
Registered in 0,002867 seconds.
Begin MonoManager ReloadAssembly
Native extension for LinuxStandalone target not found
Native extension for WindowsStandalone target not found
Refreshing native plugins compatible for Editor in 0,54 ms, found 0 plugins.
Preloading 0 native plugins for Editor in 0,00 ms.
Mono: successfully reloaded assembly
- Completed reload, in  1,365 seconds
Domain Reload Profiling:
	ReloadAssembly (1366ms)
		BeginReloadAssembly (218ms)
			ExecutionOrderSort (0ms)
			DisableScriptedObjects (6ms)
			BackupInstance (0ms)
			ReleaseScriptingObjects (0ms)
			CreateAndSetChildDomain (27ms)
		EndReloadAssembly (1065ms)
			LoadAssemblies (137ms)
			RebuildTransferFunctionScriptingTraits (0ms)
			SetupTypeCache (349ms)
			ReleaseScriptCaches (0ms)
			RebuildScriptCaches (61ms)
			SetupLoadedEditorAssemblies (421ms)
				LogAssemblyErrors (0ms)
				InitializePlatformSupportModulesInManaged (7ms)
				SetLoadedEditorAssemblies (1ms)
				RefreshPlugins (1ms)
				BeforeProcessingInitializeOnLoad (98ms)
				ProcessInitializeOnLoadAttributes (280ms)
				ProcessInitializeOnLoadMethodAttributes (24ms)
				AfterProcessingInitializeOnLoad (9ms)
				EditorAssembliesLoaded (0ms)
			ExecutionOrderSort2 (0ms)
			AwakeInstancesAfterBackupRestoration (4ms)
Platform modules already initialized, skipping
========================================================================
Worker process is ready to serve import requests
Launched and connected shader compiler UnityShaderCompiler after 0.01 seconds
Refreshing native plugins compatible for Editor in 0,33 ms, found 0 plugins.
Preloading 0 native plugins for Editor in 0,00 ms.
Unloading 1526 Unused Serialized files (Serialized files now loaded: 0)
System memory in use before: 63,7 MB.
System memory in use after: 63,7 MB.

Unloading 17 unused Assets to reduce memory usage. Loaded Objects now: 1962.
Total: 5,545651 ms (FindLiveObjects: 0,137936 ms CreateObjectMapping: 0,097600 ms MarkObjects: 5,060830 ms  DeleteObjects: 0,247609 ms)

AssetImportParameters requested are different than current active one (requested -> active):
  custom:video-decoder-ogg-theora: a1e56fd34408186e4bbccfd4996cb3dc -> 
  custom:container-muxer-webm: aa71ff27fc2769a1b78a27578f13a17b -> 
  custom:container-demuxer-webm: 4f35f7cbe854078d1ac9338744f61a02 -> 
  custom:container-demuxer-ogg: 62fdf1f143b41e24485cea50d1cbac27 -> 
  custom:video-encoder-webm-vp8: eb34c28f22e8b96e1ab97ce403110664 -> 
  custom:video-decoder-webm-vp8: 9c59270c3fd7afecdb556c50c9e8de78 -> 
  custom:audio-decoder-ogg-vorbis: bf7c407c2cedff20999df2af8eb42d56 -> 
  custom:audio-encoder-webm-vorbis: bf7c407c2cedff20999df2af8eb42d56 -> 
========================================================================
Received Import Request.
  path: Assets
  artifactKey: Guid(00000000000000001000000000000000) Importer(815301076,1909f56bfc062723c751e8b465ee728b)
Start importing Assets using Guid(00000000000000001000000000000000) Importer(815301076,1909f56bfc062723c751e8b465ee728b)  -> (artifact id: '42d402b061de3733987d63b9cc3b64de') in 0,004078 seconds 
========================================================================
Received Import Request.
  Time since last request: 126,205819 seconds.
  path: Assets/Map
  artifactKey: Guid(459982e0fa3d362d4aad6f4a6c2c9019) Importer(815301076,1909f56bfc062723c751e8b465ee728b)
Start importing Assets/Map using Guid(459982e0fa3d362d4aad6f4a6c2c9019) Importer(815301076,1909f56bfc062723c751e8b465ee728b)  -> (artifact id: '56c872b699841bb72a025662cb7dd370') in 0,001597 seconds 
========================================================================
Received Import Request.
  Time since last request: 83,673461 seconds.
  path: Assets/Scenes
  artifactKey: Guid(6ea315d0fd7389c41b19996891e99ae3) Importer(815301076,1909f56bfc062723c751e8b465ee728b)
Start importing Assets/Scenes using Guid(6ea315d0fd7389c41b19996891e99ae3) Importer(815301076,1909f56bfc062723c751e8b465ee728b)  -> (artifact id: '9168112a17b07f3ee034ca0d2dc1544d') in 0,001159 seconds 
========================================================================
Received Import Request.
  Time since last request: 2,444666 seconds.
  path: Assets/Map/after_the_rain..._-final
  artifactKey: Guid(6f2a395ba644897d49221b84d12bfbbe) Importer(815301076,1909f56bfc062723c751e8b465ee728b)
Start importing Assets/Map/after_the_rain..._-final using Guid(6f2a395ba644897d49221b84d12bfbbe) Importer(815301076,1909f56bfc062723c751e8b465ee728b)  -> (artifact id: '01e36e5c17eec415e469237a71014abd') in 0,001514 seconds 
========================================================================
Received Import Request.
  Time since last request: 1,422157 seconds.
  path: Assets/Map/after_the_rain..._-final/map.fbx
  artifactKey: Guid(412556b54fe86916ebaef0bbc868fccb) Importer(815301076,1909f56bfc062723c751e8b465ee728b)
Start importing Assets/Map/after_the_rain..._-final/map.fbx using Guid(412556b54fe86916ebaef0bbc868fccb) Importer(815301076,1909f56bfc062723c751e8b465ee728b)  -> (artifact id: '9c6c5fccffa0065b4f2b101c2d752e0c') in 2,352543 seconds 
========================================================================
Received Import Request.
  Time since last request: 6,771218 seconds.
  path: Assets/Map/after_the_rain..._-final/map.fbx
  artifactKey: Guid(412556b54fe86916ebaef0bbc868fccb) Importer(815301076,1909f56bfc062723c751e8b465ee728b)
Start importing Assets/Map/after_the_rain..._-final/map.fbx using Guid(412556b54fe86916ebaef0bbc868fccb) Importer(815301076,1909f56bfc062723c751e8b465ee728b)  -> (artifact id: 'e4c47fec25502cf0f66633ded939b885') in 1,442521 seconds 
========================================================================
Received Import Request.
  Time since last request: 40,634442 seconds.
  path: Assets/Map/after_the_rain..._-final/textures
  artifactKey: Guid(87e4a1540a82bdc539313f4fb79fd905) Importer(815301076,1909f56bfc062723c751e8b465ee728b)
Start importing Assets/Map/after_the_rain..._-final/textures using Guid(87e4a1540a82bdc539313f4fb79fd905) Importer(815301076,1909f56bfc062723c751e8b465ee728b)  -> (artifact id: '43f631c88d2822e25b00b1478a5fd537') in 0,001195 seconds 
========================================================================
Received Import Request.
  Time since last request: 220,188305 seconds.
  path: Assets/Map/after_the_rain..._-final/textures/bat2-moulure_specularGlossiness.png
  artifactKey: Guid(5dc2335796d1ec4c3b19adb41bcf91b5) Importer(815301076,1909f56bfc062723c751e8b465ee728b)
Start importing Assets/Map/after_the_rain..._-final/textures/bat2-moulure_specularGlossiness.png using Guid(5dc2335796d1ec4c3b19adb41bcf91b5) Importer(815301076,1909f56bfc062723c751e8b465ee728b)  -> (artifact id: '1ed958c83918e25522e32d5ba09675b4') in 0,011596 seconds 
========================================================================
Received Import Request.
  Time since last request: 61,536483 seconds.
  path: Assets/Map/after_the_rain..._-final/textures/bat3-rembarde_specularGlossiness.png
  artifactKey: Guid(72ec55245b5d2d9dcabf5772ad9a614f) Importer(815301076,1909f56bfc062723c751e8b465ee728b)
Start importing Assets/Map/after_the_rain..._-final/textures/bat3-rembarde_specularGlossiness.png using Guid(72ec55245b5d2d9dcabf5772ad9a614f) Importer(815301076,1909f56bfc062723c751e8b465ee728b)  -> (artifact id: 'a81acbfa02bfdebdbff8e4676aa30adc') in 0,006240 seconds 
========================================================================
Received Import Request.
  Time since last request: 118,400798 seconds.
  path: Assets/Map/after_the_rain..._-final/textures/bat5-rembarde_diffuse.png
  artifactKey: Guid(809096067fa3160bc94f1d5fbc4b24d5) Importer(815301076,1909f56bfc062723c751e8b465ee728b)
Start importing Assets/Map/after_the_rain..._-final/textures/bat5-rembarde_diffuse.png using Guid(809096067fa3160bc94f1d5fbc4b24d5) Importer(815301076,1909f56bfc062723c751e8b465ee728b)  -> (artifact id: '69d6b9096f362cd3393cb1422a1aa6ea') in 0,009820 seconds 
========================================================================
Received Import Request.
  Time since last request: 0,483955 seconds.
  path: Assets/Map/after_the_rain..._-final/textures/bat5-rembarde_normal.png
  artifactKey: Guid(227db457efde44cceb19f46b09f83eef) Importer(815301076,1909f56bfc062723c751e8b465ee728b)
Start importing Assets/Map/after_the_rain..._-final/textures/bat5-rembarde_normal.png using Guid(227db457efde44cceb19f46b09f83eef) Importer(815301076,1909f56bfc062723c751e8b465ee728b)  -> (artifact id: '21d6769b7d15cb71be674f2d666b4e61') in 0,005142 seconds 
========================================================================
Received Import Request.
  Time since last request: 0,273669 seconds.
  path: Assets/Map/after_the_rain..._-final/textures/bat5-rembarde_specularGlossiness.png
  artifactKey: Guid(9a5aa35dde98afe3dab24f4fc25a9861) Importer(815301076,1909f56bfc062723c751e8b465ee728b)
Start importing Assets/Map/after_the_rain..._-final/textures/bat5-rembarde_specularGlossiness.png using Guid(9a5aa35dde98afe3dab24f4fc25a9861) Importer(815301076,1909f56bfc062723c751e8b465ee728b)  -> (artifact id: '72b04013ed7f0a43ece6e2c96a1a5c88') in 0,009336 seconds 
========================================================================
Received Import Request.
  Time since last request: 14,155656 seconds.
  path: Assets/Map/after_the_rain..._-final/textures/bat5-structure_specularGlossiness.png
  artifactKey: Guid(2fa4fbfd18ed533eda87355e59717c2b) Importer(815301076,1909f56bfc062723c751e8b465ee728b)
Start importing Assets/Map/after_the_rain..._-final/textures/bat5-structure_specularGlossiness.png using Guid(2fa4fbfd18ed533eda87355e59717c2b) Importer(815301076,1909f56bfc062723c751e8b465ee728b)  -> (artifact id: '5111bd6c5dfca20c18d93fe89ba99da9') in 0,013360 seconds 
========================================================================
Received Import Request.
  Time since last request: 131,557332 seconds.
  path: Assets/Map/after_the_rain..._-final/textures/bat8-moulure_normal.png
  artifactKey: Guid(c3baa0dceebb28bd288d44aaa6218254) Importer(815301076,1909f56bfc062723c751e8b465ee728b)
Start importing Assets/Map/after_the_rain..._-final/textures/bat8-moulure_normal.png using Guid(c3baa0dceebb28bd288d44aaa6218254) Importer(815301076,1909f56bfc062723c751e8b465ee728b)  -> (artifact id: 'b702fc0083c1a6bac02282a6c57ae898') in 0,005548 seconds 
========================================================================
Received Import Request.
  Time since last request: 512,004740 seconds.
  path: Assets/Map/after_the_rain..._-final/textures/planche_specularGlossiness.png
  artifactKey: Guid(2a768085fe6696493b02d48bc56bf7ab) Importer(815301076,1909f56bfc062723c751e8b465ee728b)
Start importing Assets/Map/after_the_rain..._-final/textures/planche_specularGlossiness.png using Guid(2a768085fe6696493b02d48bc56bf7ab) Importer(815301076,1909f56bfc062723c751e8b465ee728b)  -> (artifact id: '7e6920be0281d09e2167b7db683f1495') in 0,006771 seconds 
========================================================================
Received Import Request.
  Time since last request: 0,927119 seconds.
  path: Assets/Map/after_the_rain..._-final/textures/terre_normal.png
  artifactKey: Guid(26540a6c4fa633d34b859d8cc3f1dde2) Importer(815301076,1909f56bfc062723c751e8b465ee728b)
Start importing Assets/Map/after_the_rain..._-final/textures/terre_normal.png using Guid(26540a6c4fa633d34b859d8cc3f1dde2) Importer(815301076,1909f56bfc062723c751e8b465ee728b)  -> (artifact id: '26c0261a2815ecf8d6927a8e63cf481a') in 0,007462 seconds 
========================================================================
Received Prepare
Registering precompiled user dll's ...
Registered in 0,006532 seconds.
Begin MonoManager ReloadAssembly
Native extension for LinuxStandalone target not found
Native extension for WindowsStandalone target not found
Refreshing native plugins compatible for Editor in 0,37 ms, found 0 plugins.
Preloading 0 native plugins for Editor in 0,00 ms.
Mono: successfully reloaded assembly
- Completed reload, in  1,343 seconds
Domain Reload Profiling:
	ReloadAssembly (1344ms)
		BeginReloadAssembly (205ms)
			ExecutionOrderSort (0ms)
			DisableScriptedObjects (5ms)
			BackupInstance (0ms)
			ReleaseScriptingObjects (0ms)
			CreateAndSetChildDomain (111ms)
		EndReloadAssembly (1069ms)
			LoadAssemblies (109ms)
			RebuildTransferFunctionScriptingTraits (0ms)
			SetupTypeCache (371ms)
			ReleaseScriptCaches (1ms)
			RebuildScriptCaches (62ms)
			SetupLoadedEditorAssemblies (399ms)
				LogAssemblyErrors (0ms)
				InitializePlatformSupportModulesInManaged (7ms)
				SetLoadedEditorAssemblies (1ms)
				RefreshPlugins (0ms)
				BeforeProcessingInitializeOnLoad (76ms)
				ProcessInitializeOnLoadAttributes (292ms)
				ProcessInitializeOnLoadMethodAttributes (15ms)
				AfterProcessingInitializeOnLoad (7ms)
				EditorAssembliesLoaded (0ms)
			ExecutionOrderSort2 (0ms)
			AwakeInstancesAfterBackupRestoration (2ms)
Platform modules already initialized, skipping
Refreshing native plugins compatible for Editor in 0,35 ms, found 0 plugins.
Preloading 0 native plugins for Editor in 0,00 ms.
Unloading 1521 Unused Serialized files (Serialized files now loaded: 0)
System memory in use before: 66,9 MB.
System memory in use after: 66,9 MB.

Unloading 12 unused Assets to reduce memory usage. Loaded Objects now: 2011.
Total: 5,078894 ms (FindLiveObjects: 0,134263 ms CreateObjectMapping: 0,051531 ms MarkObjects: 4,808425 ms  DeleteObjects: 0,083218 ms)

AssetImportParameters requested are different than current active one (requested -> active):
  custom:video-decoder-ogg-theora: a1e56fd34408186e4bbccfd4996cb3dc -> 
  custom:container-muxer-webm: aa71ff27fc2769a1b78a27578f13a17b -> 
  custom:container-demuxer-webm: 4f35f7cbe854078d1ac9338744f61a02 -> 
  custom:container-demuxer-ogg: 62fdf1f143b41e24485cea50d1cbac27 -> 
  custom:video-encoder-webm-vp8: eb34c28f22e8b96e1ab97ce403110664 -> 
  custom:video-decoder-webm-vp8: 9c59270c3fd7afecdb556c50c9e8de78 -> 
  custom:audio-decoder-ogg-vorbis: bf7c407c2cedff20999df2af8eb42d56 -> 
  custom:audio-encoder-webm-vorbis: bf7c407c2cedff20999df2af8eb42d56 -> 
========================================================================
Received Prepare
Registering precompiled user dll's ...
Registered in 0,009086 seconds.
Begin MonoManager ReloadAssembly
Native extension for LinuxStandalone target not found
Native extension for WindowsStandalone target not found
Refreshing native plugins compatible for Editor in 0,38 ms, found 0 plugins.
Preloading 0 native plugins for Editor in 0,00 ms.
Mono: successfully reloaded assembly
- Completed reload, in  1,335 seconds
Domain Reload Profiling:
	ReloadAssembly (1336ms)
		BeginReloadAssembly (188ms)
			ExecutionOrderSort (0ms)
			DisableScriptedObjects (22ms)
			BackupInstance (0ms)
			ReleaseScriptingObjects (0ms)
			CreateAndSetChildDomain (49ms)
		EndReloadAssembly (996ms)
			LoadAssemblies (103ms)
			RebuildTransferFunctionScriptingTraits (0ms)
			SetupTypeCache (348ms)
			ReleaseScriptCaches (1ms)
			RebuildScriptCaches (60ms)
			SetupLoadedEditorAssemblies (365ms)
				LogAssemblyErrors (0ms)
				InitializePlatformSupportModulesInManaged (7ms)
				SetLoadedEditorAssemblies (1ms)
				RefreshPlugins (0ms)
				BeforeProcessingInitializeOnLoad (79ms)
				ProcessInitializeOnLoadAttributes (246ms)
				ProcessInitializeOnLoadMethodAttributes (22ms)
				AfterProcessingInitializeOnLoad (9ms)
				EditorAssembliesLoaded (0ms)
			ExecutionOrderSort2 (0ms)
			AwakeInstancesAfterBackupRestoration (2ms)
Platform modules already initialized, skipping
Refreshing native plugins compatible for Editor in 0,59 ms, found 0 plugins.
Preloading 0 native plugins for Editor in 0,00 ms.
Unloading 1521 Unused Serialized files (Serialized files now loaded: 0)
System memory in use before: 66,9 MB.
System memory in use after: 67,0 MB.

Unloading 12 unused Assets to reduce memory usage. Loaded Objects now: 2014.
Total: 5,363913 ms (FindLiveObjects: 0,155718 ms CreateObjectMapping: 0,053177 ms MarkObjects: 5,077826 ms  DeleteObjects: 0,075456 ms)

AssetImportParameters requested are different than current active one (requested -> active):
  custom:video-decoder-ogg-theora: a1e56fd34408186e4bbccfd4996cb3dc -> 
  custom:container-muxer-webm: aa71ff27fc2769a1b78a27578f13a17b -> 
  custom:container-demuxer-webm: 4f35f7cbe854078d1ac9338744f61a02 -> 
  custom:container-demuxer-ogg: 62fdf1f143b41e24485cea50d1cbac27 -> 
  custom:video-encoder-webm-vp8: eb34c28f22e8b96e1ab97ce403110664 -> 
  custom:video-decoder-webm-vp8: 9c59270c3fd7afecdb556c50c9e8de78 -> 
  custom:audio-decoder-ogg-vorbis: bf7c407c2cedff20999df2af8eb42d56 -> 
  custom:audio-encoder-webm-vorbis: bf7c407c2cedff20999df2af8eb42d56 -> 
========================================================================
Received Prepare
Registering precompiled user dll's ...
Registered in 0,002831 seconds.
Begin MonoManager ReloadAssembly
Native extension for LinuxStandalone target not found
Native extension for WindowsStandalone target not found
Refreshing native plugins compatible for Editor in 0,36 ms, found 0 plugins.
Preloading 0 native plugins for Editor in 0,00 ms.
Mono: successfully reloaded assembly
- Completed reload, in  1,323 seconds
Domain Reload Profiling:
	ReloadAssembly (1324ms)
		BeginReloadAssembly (117ms)
			ExecutionOrderSort (0ms)
			DisableScriptedObjects (5ms)
			BackupInstance (0ms)
			ReleaseScriptingObjects (0ms)
			CreateAndSetChildDomain (33ms)
		EndReloadAssembly (1137ms)
			LoadAssemblies (100ms)
			RebuildTransferFunctionScriptingTraits (0ms)
			SetupTypeCache (432ms)
			ReleaseScriptCaches (1ms)
			RebuildScriptCaches (132ms)
			SetupLoadedEditorAssemblies (366ms)
				LogAssemblyErrors (0ms)
				InitializePlatformSupportModulesInManaged (6ms)
				SetLoadedEditorAssemblies (1ms)
				RefreshPlugins (0ms)
				BeforeProcessingInitializeOnLoad (74ms)
				ProcessInitializeOnLoadAttributes (228ms)
				ProcessInitializeOnLoadMethodAttributes (49ms)
				AfterProcessingInitializeOnLoad (7ms)
				EditorAssembliesLoaded (0ms)
			ExecutionOrderSort2 (0ms)
			AwakeInstancesAfterBackupRestoration (2ms)
Platform modules already initialized, skipping
Refreshing native plugins compatible for Editor in 0,36 ms, found 0 plugins.
Preloading 0 native plugins for Editor in 0,00 ms.
Unloading 1521 Unused Serialized files (Serialized files now loaded: 0)
System memory in use before: 66,9 MB.
System memory in use after: 67,0 MB.

Unloading 12 unused Assets to reduce memory usage. Loaded Objects now: 2017.
Total: 5,157023 ms (FindLiveObjects: 0,145301 ms CreateObjectMapping: 0,047235 ms MarkObjects: 4,890210 ms  DeleteObjects: 0,073107 ms)

AssetImportParameters requested are different than current active one (requested -> active):
  custom:video-decoder-ogg-theora: a1e56fd34408186e4bbccfd4996cb3dc -> 
  custom:container-muxer-webm: aa71ff27fc2769a1b78a27578f13a17b -> 
  custom:container-demuxer-webm: 4f35f7cbe854078d1ac9338744f61a02 -> 
  custom:container-demuxer-ogg: 62fdf1f143b41e24485cea50d1cbac27 -> 
  custom:video-encoder-webm-vp8: eb34c28f22e8b96e1ab97ce403110664 -> 
  custom:video-decoder-webm-vp8: 9c59270c3fd7afecdb556c50c9e8de78 -> 
  custom:audio-decoder-ogg-vorbis: bf7c407c2cedff20999df2af8eb42d56 -> 
  custom:audio-encoder-webm-vorbis: bf7c407c2cedff20999df2af8eb42d56 -> 
